<?xml version="1.0" encoding="UTF-8"?>
<!-- Generated by org.testng.reporters.JUnitXMLReporter -->
<testsuite ignored="0" hostname="DESKTOP-8M9HAN5" failures="0" tests="5" name="Test" time="0.623" errors="0" timestamp="2023-07-31T17:25:07 IST">
  <testcase classname="scripts.test1" name="tc01" time="0.078"/>
  <testcase classname="scripts.test4" name="tc04" time="0.022"/>
  <testcase classname="scripts.test2" name="tc02" time="0.024"/>
  <testcase classname="scripts.test3" name="tc03" time="0.016"/>
  <testcase classname="scripts.test05" name="tc05" time="0.012"/>
</testsuite> <!-- Test -->
