<?xml version="1.0" encoding="UTF-8"?>
<testng-results ignored="0" total="5" passed="5" failed="0" skipped="0">
  <reporter-output>
    <line>
      <![CDATA[hello java]]>
    </line>
    <line>
      <![CDATA[hello manual]]>
    </line>
    <line>
      <![CDATA[hello selenium]]>
    </line>
    <line>
      <![CDATA[hello python]]>
    </line>
    <line>
      <![CDATA[hello manual]]>
    </line>
  </reporter-output>
  <suite started-at="2023-07-31T17:25:06 IST" name="Suite" finished-at="2023-07-31T17:25:07 IST" duration-ms="623">
    <groups>
    </groups>
    <test started-at="2023-07-31T17:25:06 IST" name="Test" finished-at="2023-07-31T17:25:07 IST" duration-ms="623">
      <class name="scripts.test4">
        <test-method signature="tc04()[pri:0, instance:scripts.test4@44ebcd03]" started-at="2023-07-31T17:25:07 IST" name="tc04" finished-at="2023-07-31T17:25:07 IST" duration-ms="22" status="PASS">
          <reporter-output>
            <line>
              <![CDATA[hello manual]]>
            </line>
          </reporter-output>
        </test-method> <!-- tc04 -->
      </class> <!-- scripts.test4 -->
      <class name="scripts.test1">
        <test-method signature="tc01()[pri:0, instance:scripts.test1@3ce1e309]" started-at="2023-07-31T17:25:06 IST" name="tc01" finished-at="2023-07-31T17:25:07 IST" duration-ms="78" status="PASS">
          <reporter-output>
            <line>
              <![CDATA[hello java]]>
            </line>
          </reporter-output>
        </test-method> <!-- tc01 -->
      </class> <!-- scripts.test1 -->
      <class name="scripts.test2">
        <test-method signature="tc02()[pri:0, instance:scripts.test2@694abbdc]" started-at="2023-07-31T17:25:07 IST" name="tc02" finished-at="2023-07-31T17:25:07 IST" duration-ms="24" status="PASS">
          <reporter-output>
            <line>
              <![CDATA[hello selenium]]>
            </line>
          </reporter-output>
        </test-method> <!-- tc02 -->
      </class> <!-- scripts.test2 -->
      <class name="scripts.test3">
        <test-method signature="tc03()[pri:0, instance:scripts.test3@2e005c4b]" started-at="2023-07-31T17:25:07 IST" name="tc03" finished-at="2023-07-31T17:25:07 IST" duration-ms="16" status="PASS">
          <reporter-output>
            <line>
              <![CDATA[hello python]]>
            </line>
          </reporter-output>
        </test-method> <!-- tc03 -->
      </class> <!-- scripts.test3 -->
      <class name="scripts.test05">
        <test-method signature="tc05()[pri:0, instance:scripts.test05@4567f35d]" started-at="2023-07-31T17:25:07 IST" name="tc05" finished-at="2023-07-31T17:25:07 IST" duration-ms="12" status="PASS">
          <reporter-output>
            <line>
              <![CDATA[hello manual]]>
            </line>
          </reporter-output>
        </test-method> <!-- tc05 -->
      </class> <!-- scripts.test05 -->
    </test> <!-- Test -->
  </suite> <!-- Suite -->
</testng-results>
